<?xml version="1.0" encoding="UTF-8"?>
<!-- Generated by org.testng.reporters.JUnitXMLReporter -->
<testsuite ignored="3" hostname="DESKTOP-46ET0G2" failures="1" tests="3" name="Test(failed)(failed)" time="0.062" errors="0" timestamp="2022-06-25T15:31:12 IST">
  <testcase classname="testNGstudy.class1" name="a" time="0.009"/>
  <testcase classname="testNGstudy.class1" name="b" time="0.002"/>
  <testcase classname="testNGstudy.class1" name="e" time="0.003">
    <failure type="java.lang.AssertionError" message="null">
      <![CDATA[java.lang.AssertionError: null
at testNGstudy.class1.e(class1.java:32)
at java.base/java.util.ArrayList.forEach(ArrayList.java:1511)
... Removed 29 stack frames]]>
    </failure>
  </testcase> <!-- e -->
  <testcase classname="testNGstudy.class1" name="c" time="0.0">
    <ignored/>
  </testcase> <!-- c -->
  <testcase classname="testNGstudy.class1" name="f" time="0.0">
    <ignored/>
  </testcase> <!-- f -->
  <testcase classname="testNGstudy.class1" name="d" time="0.0">
    <ignored/>
  </testcase> <!-- d -->
</testsuite> <!-- Test(failed)(failed) -->
