<?xml version="1.0" encoding="UTF-8"?>
<!-- Generated by org.testng.reporters.JUnitXMLReporter -->
<testsuite ignored="0" hostname="DESKTOP-46ET0G2" failures="2" tests="7" name="Test" time="0.152" errors="0" timestamp="2022-07-06T16:27:14 IST">
  <testcase classname="listener.listenerstudy" name="c" time="0.045">
    <failure type="java.lang.AssertionError" message="null">
      <![CDATA[java.lang.AssertionError: null
at listener.listenerstudy.c(listenerstudy.java:23)
at java.base/java.util.ArrayList.forEach(ArrayList.java:1511)
... Removed 29 stack frames]]>
    </failure>
  </testcase> <!-- c -->
  <testcase classname="listener.listenerstudy" name="a" time="0.002"/>
  <testcase classname="listener.listenerstudy" name="b" time="0.0">
    <skipped/>
  </testcase> <!-- b -->
  <testcase classname="listener.Listnerstudy2" name="d" time="0.001"/>
  <testcase classname="listener.Listnerstudy2" name="e" time="0.001"/>
  <testcase classname="listener.Listnerstudy2" name="g" time="0.001">
    <failure type="java.lang.AssertionError" message="null">
      <![CDATA[java.lang.AssertionError: null
at listener.Listnerstudy2.g(Listnerstudy2.java:30)
at java.base/java.util.ArrayList.forEach(ArrayList.java:1511)
... Removed 29 stack frames]]>
    </failure>
  </testcase> <!-- g -->
  <testcase classname="listener.Listnerstudy2" name="f" time="0.0">
    <skipped/>
  </testcase> <!-- f -->
</testsuite> <!-- Test -->
