<?xml version="1.0" encoding="UTF-8"?>
<!-- Generated by org.testng.reporters.JUnitXMLReporter -->
<testsuite ignored="0" hostname="DESKTOP-46ET0G2" failures="3" tests="3" name="Test(failed)" time="0.078" errors="0" timestamp="2022-06-27T13:41:44 IST">
  <testcase classname="verification_In_TestNg.SoftAssertUse" name="mymethod" time="0.02">
    <failure type="java.lang.AssertionError" message="The following asserts failed:
	tc is fail value is not matching expected [null] but found [pune],
	tc is fail value is null expected object to not be null">
      <![CDATA[java.lang.AssertionError: The following asserts failed:
tc is fail value is not matching expected [null] but found [pune],
tc is fail value is null expected object to not be null
at verification_In_TestNg.SoftAssertUse.mymethod(SoftAssertUse.java:22)
at java.base/java.util.ArrayList.forEach(ArrayList.java:1511)
... Removed 29 stack frames]]>
    </failure>
  </testcase> <!-- mymethod -->
  <testcase classname="verification_In_TestNg.SoftAssertUse" name="mymethod2" time="0.002">
    <failure type="java.lang.AssertionError" message="The following asserts failed:
	tc is fail x and y are not equals expected [nilesh] but found [null],
	tc is fail value is fasle expected [true] but found [false]">
      <![CDATA[java.lang.AssertionError: The following asserts failed:
tc is fail x and y are not equals expected [nilesh] but found [null],
tc is fail value is fasle expected [true] but found [false]
at verification_In_TestNg.SoftAssertUse.mymethod2(SoftAssertUse.java:34)
at java.base/java.util.ArrayList.forEach(ArrayList.java:1511)
... Removed 29 stack frames]]>
    </failure>
  </testcase> <!-- mymethod2 -->
  <testcase classname="verification_In_TestNg.HardAssertStudy" name="MYMETHOD" time="0.001">
    <failure type="java.lang.AssertionError" message="tc is fail value is not null expected [null] but found [abc]">
      <![CDATA[java.lang.AssertionError: tc is fail value is not null expected [null] but found [abc]
at verification_In_TestNg.HardAssertStudy.MYMETHOD(HardAssertStudy.java:17)
at java.base/java.util.ArrayList.forEach(ArrayList.java:1511)
... Removed 30 stack frames]]>
    </failure>
  </testcase> <!-- MYMETHOD -->
</testsuite> <!-- Test(failed) -->
