<?xml version="1.0" encoding="UTF-8"?>
<!-- Generated by org.testng.reporters.JUnitXMLReporter -->
<testsuite ignored="5" hostname="DESKTOP-46ET0G2" failures="0" tests="1" name="Test(failed)(failed)(failed)" time="0.045" errors="0" timestamp="2022-06-25T15:32:00 IST">
  <testcase classname="testNGstudy.class1" name="e" time="0.008"/>
  <testcase classname="testNGstudy.class1" name="a" time="0.0">
    <ignored/>
  </testcase> <!-- a -->
  <testcase classname="testNGstudy.class1" name="b" time="0.0">
    <ignored/>
  </testcase> <!-- b -->
  <testcase classname="testNGstudy.class1" name="c" time="0.0">
    <ignored/>
  </testcase> <!-- c -->
  <testcase classname="testNGstudy.class1" name="f" time="0.0">
    <ignored/>
  </testcase> <!-- f -->
  <testcase classname="testNGstudy.class1" name="d" time="0.0">
    <ignored/>
  </testcase> <!-- d -->
</testsuite> <!-- Test(failed)(failed)(failed) -->
